2018-04-10 23:09:53 998  INFO MLog:80 - MLog clients using log4j logging.
2018-04-10 23:09:54 092  INFO C3P0Registry:204 - Initializing c3p0-0.9.1.1 [built 15-March-2007 01:32:31; debug? true; trace: 10]
2018-04-10 23:09:54 102 DEBUG DynamicPooledDataSourceManagerMBean:236 - MBean: com.mchange.v2.c3p0:type=PooledDataSource[1hge1yf9u1cv2pr0wc6f40|30b6ffe0] registered.
2018-04-10 23:09:54 280 DEBUG LogFactory:135 - Logging initialized using 'class org.apache.ibatis.logging.log4j.Log4jImpl' adapter.
2018-04-10 23:10:31 018  INFO MLog:80 - MLog clients using log4j logging.
2018-04-10 23:10:31 069  INFO C3P0Registry:204 - Initializing c3p0-0.9.1.1 [built 15-March-2007 01:32:31; debug? true; trace: 10]
2018-04-10 23:10:31 079 DEBUG DynamicPooledDataSourceManagerMBean:236 - MBean: com.mchange.v2.c3p0:type=PooledDataSource[1hge1yf9u1cv3ibcrhws9l|30b6ffe0] registered.
2018-04-10 23:10:31 162 DEBUG LogFactory:135 - Logging initialized using 'class org.apache.ibatis.logging.log4j.Log4jImpl' adapter.
2018-04-10 23:14:23 156  INFO MLog:80 - MLog clients using log4j logging.
2018-04-10 23:14:23 228  INFO C3P0Registry:204 - Initializing c3p0-0.9.1.1 [built 15-March-2007 01:32:31; debug? true; trace: 10]
2018-04-10 23:14:23 241 DEBUG DynamicPooledDataSourceManagerMBean:236 - MBean: com.mchange.v2.c3p0:type=PooledDataSource[1hge1yf9u1cv8hfqg4g6cg|30b6ffe0] registered.
2018-04-10 23:14:23 350 DEBUG LogFactory:135 - Logging initialized using 'class org.apache.ibatis.logging.log4j.Log4jImpl' adapter.
2018-04-10 23:16:14 757  INFO MLog:80 - MLog clients using log4j logging.
2018-04-10 23:16:14 818  INFO C3P0Registry:204 - Initializing c3p0-0.9.1.1 [built 15-March-2007 01:32:31; debug? true; trace: 10]
2018-04-10 23:16:14 829 DEBUG DynamicPooledDataSourceManagerMBean:236 - MBean: com.mchange.v2.c3p0:type=PooledDataSource[1hge1yf9u1cvavjqefzd7g|30b6ffe0] registered.
2018-04-10 23:16:14 917 DEBUG LogFactory:135 - Logging initialized using 'class org.apache.ibatis.logging.log4j.Log4jImpl' adapter.
2018-04-10 23:16:15 389 DEBUG SqlSessionUtils:97 - Creating a new SqlSession
2018-04-10 23:16:15 393 DEBUG SqlSessionUtils:148 - SqlSession [org.apache.ibatis.session.defaults.DefaultSqlSession@7a8fa663] was not registered for synchronization because synchronization is not active
2018-04-10 23:16:15 433 DEBUG BasicResourcePool:404 - incremented pending_acquires: 1
2018-04-10 23:16:15 433 DEBUG BasicResourcePool:404 - incremented pending_acquires: 2
2018-04-10 23:16:15 434 DEBUG BasicResourcePool:404 - incremented pending_acquires: 3
2018-04-10 23:16:15 434 DEBUG BasicResourcePool:404 - incremented pending_acquires: 4
2018-04-10 23:16:15 434 DEBUG BasicResourcePool:404 - incremented pending_acquires: 5
2018-04-10 23:16:15 434 DEBUG BasicResourcePool:404 - incremented pending_acquires: 6
2018-04-10 23:16:15 434 DEBUG BasicResourcePool:404 - incremented pending_acquires: 7
2018-04-10 23:16:15 435 DEBUG BasicResourcePool:404 - incremented pending_acquires: 8
2018-04-10 23:16:15 435 DEBUG BasicResourcePool:404 - incremented pending_acquires: 9
2018-04-10 23:16:15 435 DEBUG BasicResourcePool:404 - incremented pending_acquires: 10
2018-04-10 23:16:15 436 DEBUG BasicResourcePool:289 - com.mchange.v2.resourcepool.BasicResourcePool@83298d7 config: [start -> 3; min -> 10; max -> 30; inc -> 3; num_acq_attempts -> 2; acq_attempt_delay -> 1000; check_idle_resources_delay -> 0; mox_resource_age -> 0; max_idle_time -> 0; excess_max_idle_time -> 0; destroy_unreturned_resc_time -> 0; expiration_enforcement_delay -> 0; break_on_acquisition_failure -> false; debug_store_checkout_exceptions -> false]
2018-04-10 23:16:15 436  INFO AbstractPoolBackedDataSource:462 - Initializing c3p0 pool... com.mchange.v2.c3p0.ComboPooledDataSource [ acquireIncrement -> 3, acquireRetryAttempts -> 2, acquireRetryDelay -> 1000, autoCommitOnClose -> false, automaticTestTable -> null, breakAfterAcquireFailure -> false, checkoutTimeout -> 10000, connectionCustomizerClassName -> null, connectionTesterClassName -> com.mchange.v2.c3p0.impl.DefaultConnectionTester, dataSourceName -> 1hge1yf9u1cvavjqefzd7g|30b6ffe0, debugUnreturnedConnectionStackTraces -> false, description -> null, driverClass -> com.mysql.jdbc.Driver, factoryClassLocation -> null, forceIgnoreUnresolvedTransactions -> false, identityToken -> 1hge1yf9u1cvavjqefzd7g|30b6ffe0, idleConnectionTestPeriod -> 0, initialPoolSize -> 3, jdbcUrl -> jdbc:mysql://localhost:3306/hunlihui?useSSL=false, lastAcquisitionFailureDefaultUser -> null, maxAdministrativeTaskTime -> 0, maxConnectionAge -> 0, maxIdleTime -> 0, maxIdleTimeExcessConnections -> 0, maxPoolSize -> 30, maxStatements -> 0, maxStatementsPerConnection -> 0, minPoolSize -> 10, numHelperThreads -> 3, numThreadsAwaitingCheckoutDefaultUser -> 0, preferredTestQuery -> null, properties -> {user=******, password=******}, propertyCycle -> 0, testConnectionOnCheckin -> false, testConnectionOnCheckout -> false, unreturnedConnectionTimeout -> 0, usesTraditionalReflectiveProxies -> false ]
2018-04-10 23:16:15 437 DEBUG BasicResourcePool:538 - acquire test -- pool size: 0; target_pool_size: 10; desired target? 1
2018-04-10 23:16:15 437 DEBUG BasicResourcePool:1291 - awaitAvailable(): [unknown]
2018-04-10 23:16:15 437 DEBUG BasicResourcePool:1644 - trace com.mchange.v2.resourcepool.BasicResourcePool@83298d7 [managed: 0, unused: 0, excluded: 0]
2018-04-10 23:16:15 683 DEBUG C3P0PooledConnectionPool:217 - com.mchange.v2.c3p0.impl.C3P0PooledConnectionPool$1PooledConnectionResourcePoolManager@63f84ad.acquireResource() returning. 
2018-04-10 23:16:15 683 DEBUG C3P0PooledConnectionPool:217 - com.mchange.v2.c3p0.impl.C3P0PooledConnectionPool$1PooledConnectionResourcePoolManager@63f84ad.acquireResource() returning. 
2018-04-10 23:16:15 683 DEBUG C3P0PooledConnectionPool:217 - com.mchange.v2.c3p0.impl.C3P0PooledConnectionPool$1PooledConnectionResourcePoolManager@63f84ad.acquireResource() returning. 
2018-04-10 23:16:15 684 DEBUG BasicResourcePool:1644 - trace com.mchange.v2.resourcepool.BasicResourcePool@83298d7 [managed: 1, unused: 1, excluded: 0]
2018-04-10 23:16:15 684 DEBUG BasicResourcePool:422 - decremented pending_acquires: 9
2018-04-10 23:16:15 685 DEBUG BasicResourcePool:1644 - trace com.mchange.v2.resourcepool.BasicResourcePool@83298d7 [managed: 2, unused: 2, excluded: 0] (e.g. com.mchange.v2.c3p0.impl.NewPooledConnection@664c6ae2)
2018-04-10 23:16:15 685 DEBUG BasicResourcePool:422 - decremented pending_acquires: 8
2018-04-10 23:16:15 686 DEBUG BasicResourcePool:1644 - trace com.mchange.v2.resourcepool.BasicResourcePool@83298d7 [managed: 3, unused: 3, excluded: 0] (e.g. com.mchange.v2.c3p0.impl.NewPooledConnection@664c6ae2)
2018-04-10 23:16:15 686 DEBUG BasicResourcePool:422 - decremented pending_acquires: 7
2018-04-10 23:16:15 686 DEBUG BasicResourcePool:1644 - trace com.mchange.v2.resourcepool.BasicResourcePool@83298d7 [managed: 3, unused: 2, excluded: 0] (e.g. com.mchange.v2.c3p0.impl.NewPooledConnection@664c6ae2)
2018-04-10 23:16:15 687 DEBUG SpringManagedTransaction:87 - JDBC Connection [com.mchange.v2.c3p0.impl.NewProxyConnection@773cbf4f] will not be managed by Spring
2018-04-10 23:16:15 692 DEBUG C3P0PooledConnectionPool:217 - com.mchange.v2.c3p0.impl.C3P0PooledConnectionPool$1PooledConnectionResourcePoolManager@63f84ad.acquireResource() returning. 
2018-04-10 23:16:15 693 DEBUG BasicResourcePool:1644 - trace com.mchange.v2.resourcepool.BasicResourcePool@83298d7 [managed: 4, unused: 3, excluded: 0] (e.g. com.mchange.v2.c3p0.impl.NewPooledConnection@664c6ae2)
2018-04-10 23:16:15 693 DEBUG BasicResourcePool:422 - decremented pending_acquires: 6
2018-04-10 23:16:15 694 DEBUG C3P0PooledConnectionPool:217 - com.mchange.v2.c3p0.impl.C3P0PooledConnectionPool$1PooledConnectionResourcePoolManager@63f84ad.acquireResource() returning. 
2018-04-10 23:16:15 694 DEBUG BasicResourcePool:1644 - trace com.mchange.v2.resourcepool.BasicResourcePool@83298d7 [managed: 5, unused: 4, excluded: 0] (e.g. com.mchange.v2.c3p0.impl.NewPooledConnection@664c6ae2)
2018-04-10 23:16:15 694 DEBUG BasicResourcePool:422 - decremented pending_acquires: 5
2018-04-10 23:16:15 696 DEBUG queryUser:181 - ==>  Preparing: SELECT * FROM tb_user WHERE user_name=? 
2018-04-10 23:16:15 698 DEBUG C3P0PooledConnectionPool:217 - com.mchange.v2.c3p0.impl.C3P0PooledConnectionPool$1PooledConnectionResourcePoolManager@63f84ad.acquireResource() returning. 
2018-04-10 23:16:15 699 DEBUG BasicResourcePool:1644 - trace com.mchange.v2.resourcepool.BasicResourcePool@83298d7 [managed: 6, unused: 5, excluded: 0] (e.g. com.mchange.v2.c3p0.impl.NewPooledConnection@664c6ae2)
2018-04-10 23:16:15 699 DEBUG BasicResourcePool:422 - decremented pending_acquires: 4
2018-04-10 23:16:15 702 DEBUG C3P0PooledConnectionPool:217 - com.mchange.v2.c3p0.impl.C3P0PooledConnectionPool$1PooledConnectionResourcePoolManager@63f84ad.acquireResource() returning. 
2018-04-10 23:16:15 702 DEBUG BasicResourcePool:1644 - trace com.mchange.v2.resourcepool.BasicResourcePool@83298d7 [managed: 7, unused: 6, excluded: 0] (e.g. com.mchange.v2.c3p0.impl.NewPooledConnection@664c6ae2)
2018-04-10 23:16:15 702 DEBUG BasicResourcePool:422 - decremented pending_acquires: 3
2018-04-10 23:16:15 704 DEBUG C3P0PooledConnectionPool:217 - com.mchange.v2.c3p0.impl.C3P0PooledConnectionPool$1PooledConnectionResourcePoolManager@63f84ad.acquireResource() returning. 
2018-04-10 23:16:15 704 DEBUG BasicResourcePool:1644 - trace com.mchange.v2.resourcepool.BasicResourcePool@83298d7 [managed: 8, unused: 7, excluded: 0] (e.g. com.mchange.v2.c3p0.impl.NewPooledConnection@664c6ae2)
2018-04-10 23:16:15 704 DEBUG BasicResourcePool:422 - decremented pending_acquires: 2
2018-04-10 23:16:15 704 DEBUG C3P0PooledConnectionPool:217 - com.mchange.v2.c3p0.impl.C3P0PooledConnectionPool$1PooledConnectionResourcePoolManager@63f84ad.acquireResource() returning. 
2018-04-10 23:16:15 705 DEBUG BasicResourcePool:1644 - trace com.mchange.v2.resourcepool.BasicResourcePool@83298d7 [managed: 9, unused: 8, excluded: 0] (e.g. com.mchange.v2.c3p0.impl.NewPooledConnection@664c6ae2)
2018-04-10 23:16:15 705 DEBUG BasicResourcePool:422 - decremented pending_acquires: 1
2018-04-10 23:16:15 706 DEBUG C3P0PooledConnectionPool:217 - com.mchange.v2.c3p0.impl.C3P0PooledConnectionPool$1PooledConnectionResourcePoolManager@63f84ad.acquireResource() returning. 
2018-04-10 23:16:15 706 DEBUG BasicResourcePool:1644 - trace com.mchange.v2.resourcepool.BasicResourcePool@83298d7 [managed: 10, unused: 9, excluded: 0] (e.g. com.mchange.v2.c3p0.impl.NewPooledConnection@664c6ae2)
2018-04-10 23:16:15 706 DEBUG BasicResourcePool:422 - decremented pending_acquires: 0
2018-04-10 23:16:15 715 DEBUG queryUser:181 - ==> Parameters: zhangsan(String)
2018-04-10 23:16:15 731 DEBUG NewPooledConnection:367 - com.mchange.v2.c3p0.impl.NewPooledConnection@760c94b0 handling a throwable.
com.mysql.jdbc.exceptions.jdbc4.MySQLSyntaxErrorException: Table 'hunlihui.tb_user' doesn't exist
	at sun.reflect.NativeConstructorAccessorImpl.newInstance0(Native Method)
	at sun.reflect.NativeConstructorAccessorImpl.newInstance(NativeConstructorAccessorImpl.java:62)
	at sun.reflect.DelegatingConstructorAccessorImpl.newInstance(DelegatingConstructorAccessorImpl.java:45)
	at java.lang.reflect.Constructor.newInstance(Constructor.java:423)
	at com.mysql.jdbc.Util.handleNewInstance(Util.java:425)
	at com.mysql.jdbc.Util.getInstance(Util.java:408)
	at com.mysql.jdbc.SQLError.createSQLException(SQLError.java:944)
	at com.mysql.jdbc.MysqlIO.checkErrorPacket(MysqlIO.java:3973)
	at com.mysql.jdbc.MysqlIO.checkErrorPacket(MysqlIO.java:3909)
	at com.mysql.jdbc.MysqlIO.sendCommand(MysqlIO.java:2527)
	at com.mysql.jdbc.MysqlIO.sqlQueryDirect(MysqlIO.java:2680)
	at com.mysql.jdbc.ConnectionImpl.execSQL(ConnectionImpl.java:2484)
	at com.mysql.jdbc.PreparedStatement.executeInternal(PreparedStatement.java:1858)
	at com.mysql.jdbc.PreparedStatement.execute(PreparedStatement.java:1197)
	at com.mchange.v2.c3p0.impl.NewProxyPreparedStatement.execute(NewProxyPreparedStatement.java:989)
	at sun.reflect.NativeMethodAccessorImpl.invoke0(Native Method)
	at sun.reflect.NativeMethodAccessorImpl.invoke(NativeMethodAccessorImpl.java:62)
	at sun.reflect.DelegatingMethodAccessorImpl.invoke(DelegatingMethodAccessorImpl.java:43)
	at java.lang.reflect.Method.invoke(Method.java:498)
	at org.apache.ibatis.logging.jdbc.PreparedStatementLogger.invoke(PreparedStatementLogger.java:59)
	at com.sun.proxy.$Proxy24.execute(Unknown Source)
	at org.apache.ibatis.executor.statement.PreparedStatementHandler.query(PreparedStatementHandler.java:63)
	at org.apache.ibatis.executor.statement.RoutingStatementHandler.query(RoutingStatementHandler.java:79)
	at org.apache.ibatis.executor.SimpleExecutor.doQuery(SimpleExecutor.java:63)
	at org.apache.ibatis.executor.BaseExecutor.queryFromDatabase(BaseExecutor.java:324)
	at org.apache.ibatis.executor.BaseExecutor.query(BaseExecutor.java:156)
	at org.apache.ibatis.executor.CachingExecutor.query(CachingExecutor.java:109)
	at org.apache.ibatis.executor.CachingExecutor.query(CachingExecutor.java:83)
	at org.apache.ibatis.session.defaults.DefaultSqlSession.selectList(DefaultSqlSession.java:148)
	at org.apache.ibatis.session.defaults.DefaultSqlSession.selectList(DefaultSqlSession.java:141)
	at org.apache.ibatis.session.defaults.DefaultSqlSession.selectOne(DefaultSqlSession.java:77)
	at sun.reflect.NativeMethodAccessorImpl.invoke0(Native Method)
	at sun.reflect.NativeMethodAccessorImpl.invoke(NativeMethodAccessorImpl.java:62)
	at sun.reflect.DelegatingMethodAccessorImpl.invoke(DelegatingMethodAccessorImpl.java:43)
	at java.lang.reflect.Method.invoke(Method.java:498)
	at org.mybatis.spring.SqlSessionTemplate$SqlSessionInterceptor.invoke(SqlSessionTemplate.java:433)
	at com.sun.proxy.$Proxy17.selectOne(Unknown Source)
	at org.mybatis.spring.SqlSessionTemplate.selectOne(SqlSessionTemplate.java:166)
	at com.damai.concert.dao.impl.UserDAO.queryUser(UserDAO.java:30)
	at com.concert.test.TestDAO.testCase2(TestDAO.java:42)
	at sun.reflect.NativeMethodAccessorImpl.invoke0(Native Method)
	at sun.reflect.NativeMethodAccessorImpl.invoke(NativeMethodAccessorImpl.java:62)
	at sun.reflect.DelegatingMethodAccessorImpl.invoke(DelegatingMethodAccessorImpl.java:43)
	at java.lang.reflect.Method.invoke(Method.java:498)
	at org.junit.runners.model.FrameworkMethod$1.runReflectiveCall(FrameworkMethod.java:50)
	at org.junit.internal.runners.model.ReflectiveCallable.run(ReflectiveCallable.java:12)
	at org.junit.runners.model.FrameworkMethod.invokeExplosively(FrameworkMethod.java:47)
	at org.junit.internal.runners.statements.InvokeMethod.evaluate(InvokeMethod.java:17)
	at org.springframework.test.context.junit4.statements.RunBeforeTestMethodCallbacks.evaluate(RunBeforeTestMethodCallbacks.java:75)
	at org.springframework.test.context.junit4.statements.RunAfterTestMethodCallbacks.evaluate(RunAfterTestMethodCallbacks.java:86)
	at org.springframework.test.context.junit4.statements.SpringRepeat.evaluate(SpringRepeat.java:84)
	at org.junit.runners.ParentRunner.runLeaf(ParentRunner.java:325)
	at org.springframework.test.context.junit4.SpringJUnit4ClassRunner.runChild(SpringJUnit4ClassRunner.java:252)
	at org.springframework.test.context.junit4.SpringJUnit4ClassRunner.runChild(SpringJUnit4ClassRunner.java:94)
	at org.junit.runners.ParentRunner$3.run(ParentRunner.java:290)
	at org.junit.runners.ParentRunner$1.schedule(ParentRunner.java:71)
	at org.junit.runners.ParentRunner.runChildren(ParentRunner.java:288)
	at org.junit.runners.ParentRunner.access$000(ParentRunner.java:58)
	at org.junit.runners.ParentRunner$2.evaluate(ParentRunner.java:268)
	at org.springframework.test.context.junit4.statements.RunBeforeTestClassCallbacks.evaluate(RunBeforeTestClassCallbacks.java:61)
	at org.springframework.test.context.junit4.statements.RunAfterTestClassCallbacks.evaluate(RunAfterTestClassCallbacks.java:70)
	at org.junit.runners.ParentRunner.run(ParentRunner.java:363)
	at org.springframework.test.context.junit4.SpringJUnit4ClassRunner.run(SpringJUnit4ClassRunner.java:191)
	at org.junit.runner.JUnitCore.run(JUnitCore.java:137)
	at com.intellij.junit4.JUnit4IdeaTestRunner.startRunnerWithArgs(JUnit4IdeaTestRunner.java:119)
	at com.intellij.junit4.JUnit4IdeaTestRunner.startRunnerWithArgs(JUnit4IdeaTestRunner.java:42)
	at com.intellij.rt.execution.junit.JUnitStarter.prepareStreamsAndStart(JUnitStarter.java:234)
	at com.intellij.rt.execution.junit.JUnitStarter.main(JUnitStarter.java:74)
	at sun.reflect.NativeMethodAccessorImpl.invoke0(Native Method)
	at sun.reflect.NativeMethodAccessorImpl.invoke(NativeMethodAccessorImpl.java:62)
	at sun.reflect.DelegatingMethodAccessorImpl.invoke(DelegatingMethodAccessorImpl.java:43)
	at java.lang.reflect.Method.invoke(Method.java:498)
	at com.intellij.rt.execution.application.AppMain.main(AppMain.java:144)
2018-04-10 23:16:15 736 DEBUG SqlUtils:85 - Attempted to convert SQLException to SQLException. Leaving it alone. [SQLState: 42S02; errorCode: 1146]
com.mysql.jdbc.exceptions.jdbc4.MySQLSyntaxErrorException: Table 'hunlihui.tb_user' doesn't exist
	at sun.reflect.NativeConstructorAccessorImpl.newInstance0(Native Method)
	at sun.reflect.NativeConstructorAccessorImpl.newInstance(NativeConstructorAccessorImpl.java:62)
	at sun.reflect.DelegatingConstructorAccessorImpl.newInstance(DelegatingConstructorAccessorImpl.java:45)
	at java.lang.reflect.Constructor.newInstance(Constructor.java:423)
	at com.mysql.jdbc.Util.handleNewInstance(Util.java:425)
	at com.mysql.jdbc.Util.getInstance(Util.java:408)
	at com.mysql.jdbc.SQLError.createSQLException(SQLError.java:944)
	at com.mysql.jdbc.MysqlIO.checkErrorPacket(MysqlIO.java:3973)
	at com.mysql.jdbc.MysqlIO.checkErrorPacket(MysqlIO.java:3909)
	at com.mysql.jdbc.MysqlIO.sendCommand(MysqlIO.java:2527)
	at com.mysql.jdbc.MysqlIO.sqlQueryDirect(MysqlIO.java:2680)
	at com.mysql.jdbc.ConnectionImpl.execSQL(ConnectionImpl.java:2484)
	at com.mysql.jdbc.PreparedStatement.executeInternal(PreparedStatement.java:1858)
	at com.mysql.jdbc.PreparedStatement.execute(PreparedStatement.java:1197)
	at com.mchange.v2.c3p0.impl.NewProxyPreparedStatement.execute(NewProxyPreparedStatement.java:989)
	at sun.reflect.NativeMethodAccessorImpl.invoke0(Native Method)
	at sun.reflect.NativeMethodAccessorImpl.invoke(NativeMethodAccessorImpl.java:62)
	at sun.reflect.DelegatingMethodAccessorImpl.invoke(DelegatingMethodAccessorImpl.java:43)
	at java.lang.reflect.Method.invoke(Method.java:498)
	at org.apache.ibatis.logging.jdbc.PreparedStatementLogger.invoke(PreparedStatementLogger.java:59)
	at com.sun.proxy.$Proxy24.execute(Unknown Source)
	at org.apache.ibatis.executor.statement.PreparedStatementHandler.query(PreparedStatementHandler.java:63)
	at org.apache.ibatis.executor.statement.RoutingStatementHandler.query(RoutingStatementHandler.java:79)
	at org.apache.ibatis.executor.SimpleExecutor.doQuery(SimpleExecutor.java:63)
	at org.apache.ibatis.executor.BaseExecutor.queryFromDatabase(BaseExecutor.java:324)
	at org.apache.ibatis.executor.BaseExecutor.query(BaseExecutor.java:156)
	at org.apache.ibatis.executor.CachingExecutor.query(CachingExecutor.java:109)
	at org.apache.ibatis.executor.CachingExecutor.query(CachingExecutor.java:83)
	at org.apache.ibatis.session.defaults.DefaultSqlSession.selectList(DefaultSqlSession.java:148)
	at org.apache.ibatis.session.defaults.DefaultSqlSession.selectList(DefaultSqlSession.java:141)
	at org.apache.ibatis.session.defaults.DefaultSqlSession.selectOne(DefaultSqlSession.java:77)
	at sun.reflect.NativeMethodAccessorImpl.invoke0(Native Method)
	at sun.reflect.NativeMethodAccessorImpl.invoke(NativeMethodAccessorImpl.java:62)
	at sun.reflect.DelegatingMethodAccessorImpl.invoke(DelegatingMethodAccessorImpl.java:43)
	at java.lang.reflect.Method.invoke(Method.java:498)
	at org.mybatis.spring.SqlSessionTemplate$SqlSessionInterceptor.invoke(SqlSessionTemplate.java:433)
	at com.sun.proxy.$Proxy17.selectOne(Unknown Source)
	at org.mybatis.spring.SqlSessionTemplate.selectOne(SqlSessionTemplate.java:166)
	at com.damai.concert.dao.impl.UserDAO.queryUser(UserDAO.java:30)
	at com.concert.test.TestDAO.testCase2(TestDAO.java:42)
	at sun.reflect.NativeMethodAccessorImpl.invoke0(Native Method)
	at sun.reflect.NativeMethodAccessorImpl.invoke(NativeMethodAccessorImpl.java:62)
	at sun.reflect.DelegatingMethodAccessorImpl.invoke(DelegatingMethodAccessorImpl.java:43)
	at java.lang.reflect.Method.invoke(Method.java:498)
	at org.junit.runners.model.FrameworkMethod$1.runReflectiveCall(FrameworkMethod.java:50)
	at org.junit.internal.runners.model.ReflectiveCallable.run(ReflectiveCallable.java:12)
	at org.junit.runners.model.FrameworkMethod.invokeExplosively(FrameworkMethod.java:47)
	at org.junit.internal.runners.statements.InvokeMethod.evaluate(InvokeMethod.java:17)
	at org.springframework.test.context.junit4.statements.RunBeforeTestMethodCallbacks.evaluate(RunBeforeTestMethodCallbacks.java:75)
	at org.springframework.test.context.junit4.statements.RunAfterTestMethodCallbacks.evaluate(RunAfterTestMethodCallbacks.java:86)
	at org.springframework.test.context.junit4.statements.SpringRepeat.evaluate(SpringRepeat.java:84)
	at org.junit.runners.ParentRunner.runLeaf(ParentRunner.java:325)
	at org.springframework.test.context.junit4.SpringJUnit4ClassRunner.runChild(SpringJUnit4ClassRunner.java:252)
	at org.springframework.test.context.junit4.SpringJUnit4ClassRunner.runChild(SpringJUnit4ClassRunner.java:94)
	at org.junit.runners.ParentRunner$3.run(ParentRunner.java:290)
	at org.junit.runners.ParentRunner$1.schedule(ParentRunner.java:71)
	at org.junit.runners.ParentRunner.runChildren(ParentRunner.java:288)
	at org.junit.runners.ParentRunner.access$000(ParentRunner.java:58)
	at org.junit.runners.ParentRunner$2.evaluate(ParentRunner.java:268)
	at org.springframework.test.context.junit4.statements.RunBeforeTestClassCallbacks.evaluate(RunBeforeTestClassCallbacks.java:61)
	at org.springframework.test.context.junit4.statements.RunAfterTestClassCallbacks.evaluate(RunAfterTestClassCallbacks.java:70)
	at org.junit.runners.ParentRunner.run(ParentRunner.java:363)
	at org.springframework.test.context.junit4.SpringJUnit4ClassRunner.run(SpringJUnit4ClassRunner.java:191)
	at org.junit.runner.JUnitCore.run(JUnitCore.java:137)
	at com.intellij.junit4.JUnit4IdeaTestRunner.startRunnerWithArgs(JUnit4IdeaTestRunner.java:119)
	at com.intellij.junit4.JUnit4IdeaTestRunner.startRunnerWithArgs(JUnit4IdeaTestRunner.java:42)
	at com.intellij.rt.execution.junit.JUnitStarter.prepareStreamsAndStart(JUnitStarter.java:234)
	at com.intellij.rt.execution.junit.JUnitStarter.main(JUnitStarter.java:74)
	at sun.reflect.NativeMethodAccessorImpl.invoke0(Native Method)
	at sun.reflect.NativeMethodAccessorImpl.invoke(NativeMethodAccessorImpl.java:62)
	at sun.reflect.DelegatingMethodAccessorImpl.invoke(DelegatingMethodAccessorImpl.java:43)
	at java.lang.reflect.Method.invoke(Method.java:498)
	at com.intellij.rt.execution.application.AppMain.main(AppMain.java:144)
2018-04-10 23:16:15 742 DEBUG DefaultConnectionTester:126 - Testing a Connection in response to an Exception:
com.mysql.jdbc.exceptions.jdbc4.MySQLSyntaxErrorException: Table 'hunlihui.tb_user' doesn't exist
	at sun.reflect.NativeConstructorAccessorImpl.newInstance0(Native Method)
	at sun.reflect.NativeConstructorAccessorImpl.newInstance(NativeConstructorAccessorImpl.java:62)
	at sun.reflect.DelegatingConstructorAccessorImpl.newInstance(DelegatingConstructorAccessorImpl.java:45)
	at java.lang.reflect.Constructor.newInstance(Constructor.java:423)
	at com.mysql.jdbc.Util.handleNewInstance(Util.java:425)
	at com.mysql.jdbc.Util.getInstance(Util.java:408)
	at com.mysql.jdbc.SQLError.createSQLException(SQLError.java:944)
	at com.mysql.jdbc.MysqlIO.checkErrorPacket(MysqlIO.java:3973)
	at com.mysql.jdbc.MysqlIO.checkErrorPacket(MysqlIO.java:3909)
	at com.mysql.jdbc.MysqlIO.sendCommand(MysqlIO.java:2527)
	at com.mysql.jdbc.MysqlIO.sqlQueryDirect(MysqlIO.java:2680)
	at com.mysql.jdbc.ConnectionImpl.execSQL(ConnectionImpl.java:2484)
	at com.mysql.jdbc.PreparedStatement.executeInternal(PreparedStatement.java:1858)
	at com.mysql.jdbc.PreparedStatement.execute(PreparedStatement.java:1197)
	at com.mchange.v2.c3p0.impl.NewProxyPreparedStatement.execute(NewProxyPreparedStatement.java:989)
	at sun.reflect.NativeMethodAccessorImpl.invoke0(Native Method)
	at sun.reflect.NativeMethodAccessorImpl.invoke(NativeMethodAccessorImpl.java:62)
	at sun.reflect.DelegatingMethodAccessorImpl.invoke(DelegatingMethodAccessorImpl.java:43)
	at java.lang.reflect.Method.invoke(Method.java:498)
	at org.apache.ibatis.logging.jdbc.PreparedStatementLogger.invoke(PreparedStatementLogger.java:59)
	at com.sun.proxy.$Proxy24.execute(Unknown Source)
	at org.apache.ibatis.executor.statement.PreparedStatementHandler.query(PreparedStatementHandler.java:63)
	at org.apache.ibatis.executor.statement.RoutingStatementHandler.query(RoutingStatementHandler.java:79)
	at org.apache.ibatis.executor.SimpleExecutor.doQuery(SimpleExecutor.java:63)
	at org.apache.ibatis.executor.BaseExecutor.queryFromDatabase(BaseExecutor.java:324)
	at org.apache.ibatis.executor.BaseExecutor.query(BaseExecutor.java:156)
	at org.apache.ibatis.executor.CachingExecutor.query(CachingExecutor.java:109)
	at org.apache.ibatis.executor.CachingExecutor.query(CachingExecutor.java:83)
	at org.apache.ibatis.session.defaults.DefaultSqlSession.selectList(DefaultSqlSession.java:148)
	at org.apache.ibatis.session.defaults.DefaultSqlSession.selectList(DefaultSqlSession.java:141)
	at org.apache.ibatis.session.defaults.DefaultSqlSession.selectOne(DefaultSqlSession.java:77)
	at sun.reflect.NativeMethodAccessorImpl.invoke0(Native Method)
	at sun.reflect.NativeMethodAccessorImpl.invoke(NativeMethodAccessorImpl.java:62)
	at sun.reflect.DelegatingMethodAccessorImpl.invoke(DelegatingMethodAccessorImpl.java:43)
	at java.lang.reflect.Method.invoke(Method.java:498)
	at org.mybatis.spring.SqlSessionTemplate$SqlSessionInterceptor.invoke(SqlSessionTemplate.java:433)
	at com.sun.proxy.$Proxy17.selectOne(Unknown Source)
	at org.mybatis.spring.SqlSessionTemplate.selectOne(SqlSessionTemplate.java:166)
	at com.damai.concert.dao.impl.UserDAO.queryUser(UserDAO.java:30)
	at com.concert.test.TestDAO.testCase2(TestDAO.java:42)
	at sun.reflect.NativeMethodAccessorImpl.invoke0(Native Method)
	at sun.reflect.NativeMethodAccessorImpl.invoke(NativeMethodAccessorImpl.java:62)
	at sun.reflect.DelegatingMethodAccessorImpl.invoke(DelegatingMethodAccessorImpl.java:43)
	at java.lang.reflect.Method.invoke(Method.java:498)
	at org.junit.runners.model.FrameworkMethod$1.runReflectiveCall(FrameworkMethod.java:50)
	at org.junit.internal.runners.model.ReflectiveCallable.run(ReflectiveCallable.java:12)
	at org.junit.runners.model.FrameworkMethod.invokeExplosively(FrameworkMethod.java:47)
	at org.junit.internal.runners.statements.InvokeMethod.evaluate(InvokeMethod.java:17)
	at org.springframework.test.context.junit4.statements.RunBeforeTestMethodCallbacks.evaluate(RunBeforeTestMethodCallbacks.java:75)
	at org.springframework.test.context.junit4.statements.RunAfterTestMethodCallbacks.evaluate(RunAfterTestMethodCallbacks.java:86)
	at org.springframework.test.context.junit4.statements.SpringRepeat.evaluate(SpringRepeat.java:84)
	at org.junit.runners.ParentRunner.runLeaf(ParentRunner.java:325)
	at org.springframework.test.context.junit4.SpringJUnit4ClassRunner.runChild(SpringJUnit4ClassRunner.java:252)
	at org.springframework.test.context.junit4.SpringJUnit4ClassRunner.runChild(SpringJUnit4ClassRunner.java:94)
	at org.junit.runners.ParentRunner$3.run(ParentRunner.java:290)
	at org.junit.runners.ParentRunner$1.schedule(ParentRunner.java:71)
	at org.junit.runners.ParentRunner.runChildren(ParentRunner.java:288)
	at org.junit.runners.ParentRunner.access$000(ParentRunner.java:58)
	at org.junit.runners.ParentRunner$2.evaluate(ParentRunner.java:268)
	at org.springframework.test.context.junit4.statements.RunBeforeTestClassCallbacks.evaluate(RunBeforeTestClassCallbacks.java:61)
	at org.springframework.test.context.junit4.statements.RunAfterTestClassCallbacks.evaluate(RunAfterTestClassCallbacks.java:70)
	at org.junit.runners.ParentRunner.run(ParentRunner.java:363)
	at org.springframework.test.context.junit4.SpringJUnit4ClassRunner.run(SpringJUnit4ClassRunner.java:191)
	at org.junit.runner.JUnitCore.run(JUnitCore.java:137)
	at com.intellij.junit4.JUnit4IdeaTestRunner.startRunnerWithArgs(JUnit4IdeaTestRunner.java:119)
	at com.intellij.junit4.JUnit4IdeaTestRunner.startRunnerWithArgs(JUnit4IdeaTestRunner.java:42)
	at com.intellij.rt.execution.junit.JUnitStarter.prepareStreamsAndStart(JUnitStarter.java:234)
	at com.intellij.rt.execution.junit.JUnitStarter.main(JUnitStarter.java:74)
	at sun.reflect.NativeMethodAccessorImpl.invoke0(Native Method)
	at sun.reflect.NativeMethodAccessorImpl.invoke(NativeMethodAccessorImpl.java:62)
	at sun.reflect.DelegatingMethodAccessorImpl.invoke(DelegatingMethodAccessorImpl.java:43)
	at java.lang.reflect.Method.invoke(Method.java:498)
	at com.intellij.rt.execution.application.AppMain.main(AppMain.java:144)
2018-04-10 23:16:15 746 DEBUG SqlSessionUtils:191 - Closing non transactional SqlSession [org.apache.ibatis.session.defaults.DefaultSqlSession@7a8fa663]
2018-04-10 23:16:15 747 DEBUG BasicResourcePool:1644 - trace com.mchange.v2.resourcepool.BasicResourcePool@83298d7 [managed: 10, unused: 9, excluded: 0] (e.g. com.mchange.v2.c3p0.impl.NewPooledConnection@664c6ae2)
2018-04-10 23:16:15 774 DEBUG BasicResourcePool:1644 - trace com.mchange.v2.resourcepool.BasicResourcePool@83298d7 [managed: 10, unused: 9, excluded: 0] (e.g. com.mchange.v2.c3p0.impl.NewPooledConnection@664c6ae2)
2018-04-10 23:16:15 778 DEBUG BasicResourcePool:1644 - trace com.mchange.v2.resourcepool.BasicResourcePool@83298d7 [managed: 10, unused: 9, excluded: 0] (e.g. com.mchange.v2.c3p0.impl.NewPooledConnection@664c6ae2)
2018-04-10 23:16:50 780  INFO MLog:80 - MLog clients using log4j logging.
2018-04-10 23:16:50 830  INFO C3P0Registry:204 - Initializing c3p0-0.9.1.1 [built 15-March-2007 01:32:31; debug? true; trace: 10]
2018-04-10 23:16:50 840 DEBUG DynamicPooledDataSourceManagerMBean:236 - MBean: com.mchange.v2.c3p0:type=PooledDataSource[1hge1yf9u1cvbncb16f2fj0|30b6ffe0] registered.
2018-04-10 23:16:50 922 DEBUG LogFactory:135 - Logging initialized using 'class org.apache.ibatis.logging.log4j.Log4jImpl' adapter.
2018-04-10 23:16:51 260 DEBUG SqlSessionUtils:97 - Creating a new SqlSession
2018-04-10 23:16:51 264 DEBUG SqlSessionUtils:148 - SqlSession [org.apache.ibatis.session.defaults.DefaultSqlSession@7a8fa663] was not registered for synchronization because synchronization is not active
2018-04-10 23:16:51 292 DEBUG BasicResourcePool:404 - incremented pending_acquires: 1
2018-04-10 23:16:51 292 DEBUG BasicResourcePool:404 - incremented pending_acquires: 2
2018-04-10 23:16:51 292 DEBUG BasicResourcePool:404 - incremented pending_acquires: 3
2018-04-10 23:16:51 292 DEBUG BasicResourcePool:404 - incremented pending_acquires: 4
2018-04-10 23:16:51 292 DEBUG BasicResourcePool:404 - incremented pending_acquires: 5
2018-04-10 23:16:51 293 DEBUG BasicResourcePool:404 - incremented pending_acquires: 6
2018-04-10 23:16:51 293 DEBUG BasicResourcePool:404 - incremented pending_acquires: 7
2018-04-10 23:16:51 293 DEBUG BasicResourcePool:404 - incremented pending_acquires: 8
2018-04-10 23:16:51 293 DEBUG BasicResourcePool:404 - incremented pending_acquires: 9
2018-04-10 23:16:51 294 DEBUG BasicResourcePool:404 - incremented pending_acquires: 10
2018-04-10 23:16:51 295 DEBUG BasicResourcePool:289 - com.mchange.v2.resourcepool.BasicResourcePool@6d24ffa1 config: [start -> 3; min -> 10; max -> 30; inc -> 3; num_acq_attempts -> 2; acq_attempt_delay -> 1000; check_idle_resources_delay -> 0; mox_resource_age -> 0; max_idle_time -> 0; excess_max_idle_time -> 0; destroy_unreturned_resc_time -> 0; expiration_enforcement_delay -> 0; break_on_acquisition_failure -> false; debug_store_checkout_exceptions -> false]
2018-04-10 23:16:51 295  INFO AbstractPoolBackedDataSource:462 - Initializing c3p0 pool... com.mchange.v2.c3p0.ComboPooledDataSource [ acquireIncrement -> 3, acquireRetryAttempts -> 2, acquireRetryDelay -> 1000, autoCommitOnClose -> false, automaticTestTable -> null, breakAfterAcquireFailure -> false, checkoutTimeout -> 10000, connectionCustomizerClassName -> null, connectionTesterClassName -> com.mchange.v2.c3p0.impl.DefaultConnectionTester, dataSourceName -> 1hge1yf9u1cvbncb16f2fj0|30b6ffe0, debugUnreturnedConnectionStackTraces -> false, description -> null, driverClass -> com.mysql.jdbc.Driver, factoryClassLocation -> null, forceIgnoreUnresolvedTransactions -> false, identityToken -> 1hge1yf9u1cvbncb16f2fj0|30b6ffe0, idleConnectionTestPeriod -> 0, initialPoolSize -> 3, jdbcUrl -> jdbc:mysql://localhost:3306/hunlihui?useSSL=false, lastAcquisitionFailureDefaultUser -> null, maxAdministrativeTaskTime -> 0, maxConnectionAge -> 0, maxIdleTime -> 0, maxIdleTimeExcessConnections -> 0, maxPoolSize -> 30, maxStatements -> 0, maxStatementsPerConnection -> 0, minPoolSize -> 10, numHelperThreads -> 3, numThreadsAwaitingCheckoutDefaultUser -> 0, preferredTestQuery -> null, properties -> {user=******, password=******}, propertyCycle -> 0, testConnectionOnCheckin -> false, testConnectionOnCheckout -> false, unreturnedConnectionTimeout -> 0, usesTraditionalReflectiveProxies -> false ]
2018-04-10 23:16:51 295 DEBUG BasicResourcePool:538 - acquire test -- pool size: 0; target_pool_size: 10; desired target? 1
2018-04-10 23:16:51 296 DEBUG BasicResourcePool:1291 - awaitAvailable(): [unknown]
2018-04-10 23:16:51 296 DEBUG BasicResourcePool:1644 - trace com.mchange.v2.resourcepool.BasicResourcePool@6d24ffa1 [managed: 0, unused: 0, excluded: 0]
2018-04-10 23:16:51 486 DEBUG C3P0PooledConnectionPool:217 - com.mchange.v2.c3p0.impl.C3P0PooledConnectionPool$1PooledConnectionResourcePoolManager@52a5f7e9.acquireResource() returning. 
2018-04-10 23:16:51 486 DEBUG C3P0PooledConnectionPool:217 - com.mchange.v2.c3p0.impl.C3P0PooledConnectionPool$1PooledConnectionResourcePoolManager@52a5f7e9.acquireResource() returning. 
2018-04-10 23:16:51 487 DEBUG BasicResourcePool:1644 - trace com.mchange.v2.resourcepool.BasicResourcePool@6d24ffa1 [managed: 1, unused: 1, excluded: 0]
2018-04-10 23:16:51 487 DEBUG BasicResourcePool:422 - decremented pending_acquires: 9
2018-04-10 23:16:51 486 DEBUG C3P0PooledConnectionPool:217 - com.mchange.v2.c3p0.impl.C3P0PooledConnectionPool$1PooledConnectionResourcePoolManager@52a5f7e9.acquireResource() returning. 
2018-04-10 23:16:51 487 DEBUG BasicResourcePool:1644 - trace com.mchange.v2.resourcepool.BasicResourcePool@6d24ffa1 [managed: 2, unused: 2, excluded: 0] (e.g. com.mchange.v2.c3p0.impl.NewPooledConnection@7f06a55a)
2018-04-10 23:16:51 487 DEBUG BasicResourcePool:422 - decremented pending_acquires: 8
2018-04-10 23:16:51 503 DEBUG BasicResourcePool:1644 - trace com.mchange.v2.resourcepool.BasicResourcePool@6d24ffa1 [managed: 3, unused: 3, excluded: 0] (e.g. com.mchange.v2.c3p0.impl.NewPooledConnection@7f06a55a)
2018-04-10 23:16:51 504 DEBUG BasicResourcePool:422 - decremented pending_acquires: 7
2018-04-10 23:16:51 504 DEBUG BasicResourcePool:1644 - trace com.mchange.v2.resourcepool.BasicResourcePool@6d24ffa1 [managed: 3, unused: 2, excluded: 0] (e.g. com.mchange.v2.c3p0.impl.NewPooledConnection@7f06a55a)
2018-04-10 23:16:51 505 DEBUG SpringManagedTransaction:87 - JDBC Connection [com.mchange.v2.c3p0.impl.NewProxyConnection@878452d] will not be managed by Spring
2018-04-10 23:16:51 509 DEBUG save:181 - ==>  Preparing: INSERT INTO dm_assortment(sort_name) values(?) 
2018-04-10 23:16:51 533 DEBUG save:181 - ==> Parameters: 儿童乐园(String)
2018-04-10 23:16:51 535 DEBUG C3P0PooledConnectionPool:217 - com.mchange.v2.c3p0.impl.C3P0PooledConnectionPool$1PooledConnectionResourcePoolManager@52a5f7e9.acquireResource() returning. 
2018-04-10 23:16:51 535 DEBUG BasicResourcePool:1644 - trace com.mchange.v2.resourcepool.BasicResourcePool@6d24ffa1 [managed: 4, unused: 3, excluded: 0] (e.g. com.mchange.v2.c3p0.impl.NewPooledConnection@7f06a55a)
2018-04-10 23:16:51 535 DEBUG BasicResourcePool:422 - decremented pending_acquires: 6
2018-04-10 23:16:51 537 DEBUG C3P0PooledConnectionPool:217 - com.mchange.v2.c3p0.impl.C3P0PooledConnectionPool$1PooledConnectionResourcePoolManager@52a5f7e9.acquireResource() returning. 
2018-04-10 23:16:51 538 DEBUG BasicResourcePool:1644 - trace com.mchange.v2.resourcepool.BasicResourcePool@6d24ffa1 [managed: 5, unused: 4, excluded: 0] (e.g. com.mchange.v2.c3p0.impl.NewPooledConnection@7f06a55a)
2018-04-10 23:16:51 538 DEBUG BasicResourcePool:422 - decremented pending_acquires: 5
2018-04-10 23:16:51 545 DEBUG C3P0PooledConnectionPool:217 - com.mchange.v2.c3p0.impl.C3P0PooledConnectionPool$1PooledConnectionResourcePoolManager@52a5f7e9.acquireResource() returning. 
2018-04-10 23:16:51 545 DEBUG BasicResourcePool:1644 - trace com.mchange.v2.resourcepool.BasicResourcePool@6d24ffa1 [managed: 6, unused: 5, excluded: 0] (e.g. com.mchange.v2.c3p0.impl.NewPooledConnection@7f06a55a)
2018-04-10 23:16:51 545 DEBUG BasicResourcePool:422 - decremented pending_acquires: 4
2018-04-10 23:16:51 552 DEBUG NewPooledConnection:367 - com.mchange.v2.c3p0.impl.NewPooledConnection@32f16f76 handling a throwable.
com.mysql.jdbc.exceptions.jdbc4.MySQLSyntaxErrorException: Table 'hunlihui.dm_assortment' doesn't exist
	at sun.reflect.NativeConstructorAccessorImpl.newInstance0(Native Method)
	at sun.reflect.NativeConstructorAccessorImpl.newInstance(NativeConstructorAccessorImpl.java:62)
	at sun.reflect.DelegatingConstructorAccessorImpl.newInstance(DelegatingConstructorAccessorImpl.java:45)
	at java.lang.reflect.Constructor.newInstance(Constructor.java:423)
	at com.mysql.jdbc.Util.handleNewInstance(Util.java:425)
	at com.mysql.jdbc.Util.getInstance(Util.java:408)
	at com.mysql.jdbc.SQLError.createSQLException(SQLError.java:944)
	at com.mysql.jdbc.MysqlIO.checkErrorPacket(MysqlIO.java:3973)
	at com.mysql.jdbc.MysqlIO.checkErrorPacket(MysqlIO.java:3909)
	at com.mysql.jdbc.MysqlIO.sendCommand(MysqlIO.java:2527)
	at com.mysql.jdbc.MysqlIO.sqlQueryDirect(MysqlIO.java:2680)
	at com.mysql.jdbc.ConnectionImpl.execSQL(ConnectionImpl.java:2484)
	at com.mysql.jdbc.PreparedStatement.executeInternal(PreparedStatement.java:1858)
	at com.mysql.jdbc.PreparedStatement.execute(PreparedStatement.java:1197)
	at com.mchange.v2.c3p0.impl.NewProxyPreparedStatement.execute(NewProxyPreparedStatement.java:989)
	at sun.reflect.NativeMethodAccessorImpl.invoke0(Native Method)
	at sun.reflect.NativeMethodAccessorImpl.invoke(NativeMethodAccessorImpl.java:62)
	at sun.reflect.DelegatingMethodAccessorImpl.invoke(DelegatingMethodAccessorImpl.java:43)
	at java.lang.reflect.Method.invoke(Method.java:498)
	at org.apache.ibatis.logging.jdbc.PreparedStatementLogger.invoke(PreparedStatementLogger.java:59)
	at com.sun.proxy.$Proxy24.execute(Unknown Source)
	at org.apache.ibatis.executor.statement.PreparedStatementHandler.update(PreparedStatementHandler.java:46)
	at org.apache.ibatis.executor.statement.RoutingStatementHandler.update(RoutingStatementHandler.java:74)
	at org.apache.ibatis.executor.SimpleExecutor.doUpdate(SimpleExecutor.java:50)
	at org.apache.ibatis.executor.BaseExecutor.update(BaseExecutor.java:117)
	at org.apache.ibatis.executor.CachingExecutor.update(CachingExecutor.java:76)
	at org.apache.ibatis.session.defaults.DefaultSqlSession.update(DefaultSqlSession.java:198)
	at org.apache.ibatis.session.defaults.DefaultSqlSession.insert(DefaultSqlSession.java:185)
	at sun.reflect.NativeMethodAccessorImpl.invoke0(Native Method)
	at sun.reflect.NativeMethodAccessorImpl.invoke(NativeMethodAccessorImpl.java:62)
	at sun.reflect.DelegatingMethodAccessorImpl.invoke(DelegatingMethodAccessorImpl.java:43)
	at java.lang.reflect.Method.invoke(Method.java:498)
	at org.mybatis.spring.SqlSessionTemplate$SqlSessionInterceptor.invoke(SqlSessionTemplate.java:433)
	at com.sun.proxy.$Proxy17.insert(Unknown Source)
	at org.mybatis.spring.SqlSessionTemplate.insert(SqlSessionTemplate.java:278)
	at com.damai.concert.dao.impl.AssortmentDAO.save(AssortmentDAO.java:31)
	at com.concert.test.TestDAO.testCase3(TestDAO.java:50)
	at sun.reflect.NativeMethodAccessorImpl.invoke0(Native Method)
	at sun.reflect.NativeMethodAccessorImpl.invoke(NativeMethodAccessorImpl.java:62)
	at sun.reflect.DelegatingMethodAccessorImpl.invoke(DelegatingMethodAccessorImpl.java:43)
	at java.lang.reflect.Method.invoke(Method.java:498)
	at org.junit.runners.model.FrameworkMethod$1.runReflectiveCall(FrameworkMethod.java:50)
	at org.junit.internal.runners.model.ReflectiveCallable.run(ReflectiveCallable.java:12)
	at org.junit.runners.model.FrameworkMethod.invokeExplosively(FrameworkMethod.java:47)
	at org.junit.internal.runners.statements.InvokeMethod.evaluate(InvokeMethod.java:17)
	at org.springframework.test.context.junit4.statements.RunBeforeTestMethodCallbacks.evaluate(RunBeforeTestMethodCallbacks.java:75)
	at org.springframework.test.context.junit4.statements.RunAfterTestMethodCallbacks.evaluate(RunAfterTestMethodCallbacks.java:86)
	at org.springframework.test.context.junit4.statements.SpringRepeat.evaluate(SpringRepeat.java:84)
	at org.junit.runners.ParentRunner.runLeaf(ParentRunner.java:325)
	at org.springframework.test.context.junit4.SpringJUnit4ClassRunner.runChild(SpringJUnit4ClassRunner.java:252)
	at org.springframework.test.context.junit4.SpringJUnit4ClassRunner.runChild(SpringJUnit4ClassRunner.java:94)
	at org.junit.runners.ParentRunner$3.run(ParentRunner.java:290)
	at org.junit.runners.ParentRunner$1.schedule(ParentRunner.java:71)
	at org.junit.runners.ParentRunner.runChildren(ParentRunner.java:288)
	at org.junit.runners.ParentRunner.access$000(ParentRunner.java:58)
	at org.junit.runners.ParentRunner$2.evaluate(ParentRunner.java:268)
	at org.springframework.test.context.junit4.statements.RunBeforeTestClassCallbacks.evaluate(RunBeforeTestClassCallbacks.java:61)
	at org.springframework.test.context.junit4.statements.RunAfterTestClassCallbacks.evaluate(RunAfterTestClassCallbacks.java:70)
	at org.junit.runners.ParentRunner.run(ParentRunner.java:363)
	at org.springframework.test.context.junit4.SpringJUnit4ClassRunner.run(SpringJUnit4ClassRunner.java:191)
	at org.junit.runner.JUnitCore.run(JUnitCore.java:137)
	at com.intellij.junit4.JUnit4IdeaTestRunner.startRunnerWithArgs(JUnit4IdeaTestRunner.java:119)
	at com.intellij.junit4.JUnit4IdeaTestRunner.startRunnerWithArgs(JUnit4IdeaTestRunner.java:42)
	at com.intellij.rt.execution.junit.JUnitStarter.prepareStreamsAndStart(JUnitStarter.java:234)
	at com.intellij.rt.execution.junit.JUnitStarter.main(JUnitStarter.java:74)
	at sun.reflect.NativeMethodAccessorImpl.invoke0(Native Method)
	at sun.reflect.NativeMethodAccessorImpl.invoke(NativeMethodAccessorImpl.java:62)
	at sun.reflect.DelegatingMethodAccessorImpl.invoke(DelegatingMethodAccessorImpl.java:43)
	at java.lang.reflect.Method.invoke(Method.java:498)
	at com.intellij.rt.execution.application.AppMain.main(AppMain.java:144)
2018-04-10 23:16:51 554 DEBUG C3P0PooledConnectionPool:217 - com.mchange.v2.c3p0.impl.C3P0PooledConnectionPool$1PooledConnectionResourcePoolManager@52a5f7e9.acquireResource() returning. 
2018-04-10 23:16:51 573 DEBUG BasicResourcePool:1644 - trace com.mchange.v2.resourcepool.BasicResourcePool@6d24ffa1 [managed: 7, unused: 6, excluded: 0] (e.g. com.mchange.v2.c3p0.impl.NewPooledConnection@7f06a55a)
2018-04-10 23:16:51 573 DEBUG BasicResourcePool:422 - decremented pending_acquires: 3
2018-04-10 23:16:51 558 DEBUG C3P0PooledConnectionPool:217 - com.mchange.v2.c3p0.impl.C3P0PooledConnectionPool$1PooledConnectionResourcePoolManager@52a5f7e9.acquireResource() returning. 
2018-04-10 23:16:51 575 DEBUG BasicResourcePool:1644 - trace com.mchange.v2.resourcepool.BasicResourcePool@6d24ffa1 [managed: 8, unused: 7, excluded: 0] (e.g. com.mchange.v2.c3p0.impl.NewPooledConnection@7f06a55a)
2018-04-10 23:16:51 575 DEBUG BasicResourcePool:422 - decremented pending_acquires: 2
2018-04-10 23:16:51 575 DEBUG SqlUtils:85 - Attempted to convert SQLException to SQLException. Leaving it alone. [SQLState: 42S02; errorCode: 1146]
com.mysql.jdbc.exceptions.jdbc4.MySQLSyntaxErrorException: Table 'hunlihui.dm_assortment' doesn't exist
	at sun.reflect.NativeConstructorAccessorImpl.newInstance0(Native Method)
	at sun.reflect.NativeConstructorAccessorImpl.newInstance(NativeConstructorAccessorImpl.java:62)
	at sun.reflect.DelegatingConstructorAccessorImpl.newInstance(DelegatingConstructorAccessorImpl.java:45)
	at java.lang.reflect.Constructor.newInstance(Constructor.java:423)
	at com.mysql.jdbc.Util.handleNewInstance(Util.java:425)
	at com.mysql.jdbc.Util.getInstance(Util.java:408)
	at com.mysql.jdbc.SQLError.createSQLException(SQLError.java:944)
	at com.mysql.jdbc.MysqlIO.checkErrorPacket(MysqlIO.java:3973)
	at com.mysql.jdbc.MysqlIO.checkErrorPacket(MysqlIO.java:3909)
	at com.mysql.jdbc.MysqlIO.sendCommand(MysqlIO.java:2527)
	at com.mysql.jdbc.MysqlIO.sqlQueryDirect(MysqlIO.java:2680)
	at com.mysql.jdbc.ConnectionImpl.execSQL(ConnectionImpl.java:2484)
	at com.mysql.jdbc.PreparedStatement.executeInternal(PreparedStatement.java:1858)
	at com.mysql.jdbc.PreparedStatement.execute(PreparedStatement.java:1197)
	at com.mchange.v2.c3p0.impl.NewProxyPreparedStatement.execute(NewProxyPreparedStatement.java:989)
	at sun.reflect.NativeMethodAccessorImpl.invoke0(Native Method)
	at sun.reflect.NativeMethodAccessorImpl.invoke(NativeMethodAccessorImpl.java:62)
	at sun.reflect.DelegatingMethodAccessorImpl.invoke(DelegatingMethodAccessorImpl.java:43)
	at java.lang.reflect.Method.invoke(Method.java:498)
	at org.apache.ibatis.logging.jdbc.PreparedStatementLogger.invoke(PreparedStatementLogger.java:59)
	at com.sun.proxy.$Proxy24.execute(Unknown Source)
	at org.apache.ibatis.executor.statement.PreparedStatementHandler.update(PreparedStatementHandler.java:46)
	at org.apache.ibatis.executor.statement.RoutingStatementHandler.update(RoutingStatementHandler.java:74)
	at org.apache.ibatis.executor.SimpleExecutor.doUpdate(SimpleExecutor.java:50)
	at org.apache.ibatis.executor.BaseExecutor.update(BaseExecutor.java:117)
	at org.apache.ibatis.executor.CachingExecutor.update(CachingExecutor.java:76)
	at org.apache.ibatis.session.defaults.DefaultSqlSession.update(DefaultSqlSession.java:198)
	at org.apache.ibatis.session.defaults.DefaultSqlSession.insert(DefaultSqlSession.java:185)
	at sun.reflect.NativeMethodAccessorImpl.invoke0(Native Method)
	at sun.reflect.NativeMethodAccessorImpl.invoke(NativeMethodAccessorImpl.java:62)
	at sun.reflect.DelegatingMethodAccessorImpl.invoke(DelegatingMethodAccessorImpl.java:43)
	at java.lang.reflect.Method.invoke(Method.java:498)
	at org.mybatis.spring.SqlSessionTemplate$SqlSessionInterceptor.invoke(SqlSessionTemplate.java:433)
	at com.sun.proxy.$Proxy17.insert(Unknown Source)
	at org.mybatis.spring.SqlSessionTemplate.insert(SqlSessionTemplate.java:278)
	at com.damai.concert.dao.impl.AssortmentDAO.save(AssortmentDAO.java:31)
	at com.concert.test.TestDAO.testCase3(TestDAO.java:50)
	at sun.reflect.NativeMethodAccessorImpl.invoke0(Native Method)
	at sun.reflect.NativeMethodAccessorImpl.invoke(NativeMethodAccessorImpl.java:62)
	at sun.reflect.DelegatingMethodAccessorImpl.invoke(DelegatingMethodAccessorImpl.java:43)
	at java.lang.reflect.Method.invoke(Method.java:498)
	at org.junit.runners.model.FrameworkMethod$1.runReflectiveCall(FrameworkMethod.java:50)
	at org.junit.internal.runners.model.ReflectiveCallable.run(ReflectiveCallable.java:12)
	at org.junit.runners.model.FrameworkMethod.invokeExplosively(FrameworkMethod.java:47)
	at org.junit.internal.runners.statements.InvokeMethod.evaluate(InvokeMethod.java:17)
	at org.springframework.test.context.junit4.statements.RunBeforeTestMethodCallbacks.evaluate(RunBeforeTestMethodCallbacks.java:75)
	at org.springframework.test.context.junit4.statements.RunAfterTestMethodCallbacks.evaluate(RunAfterTestMethodCallbacks.java:86)
	at org.springframework.test.context.junit4.statements.SpringRepeat.evaluate(SpringRepeat.java:84)
	at org.junit.runners.ParentRunner.runLeaf(ParentRunner.java:325)
	at org.springframework.test.context.junit4.SpringJUnit4ClassRunner.runChild(SpringJUnit4ClassRunner.java:252)
	at org.springframework.test.context.junit4.SpringJUnit4ClassRunner.runChild(SpringJUnit4ClassRunner.java:94)
	at org.junit.runners.ParentRunner$3.run(ParentRunner.java:290)
	at org.junit.runners.ParentRunner$1.schedule(ParentRunner.java:71)
	at org.junit.runners.ParentRunner.runChildren(ParentRunner.java:288)
	at org.junit.runners.ParentRunner.access$000(ParentRunner.java:58)
	at org.junit.runners.ParentRunner$2.evaluate(ParentRunner.java:268)
	at org.springframework.test.context.junit4.statements.RunBeforeTestClassCallbacks.evaluate(RunBeforeTestClassCallbacks.java:61)
	at org.springframework.test.context.junit4.statements.RunAfterTestClassCallbacks.evaluate(RunAfterTestClassCallbacks.java:70)
	at org.junit.runners.ParentRunner.run(ParentRunner.java:363)
	at org.springframework.test.context.junit4.SpringJUnit4ClassRunner.run(SpringJUnit4ClassRunner.java:191)
	at org.junit.runner.JUnitCore.run(JUnitCore.java:137)
	at com.intellij.junit4.JUnit4IdeaTestRunner.startRunnerWithArgs(JUnit4IdeaTestRunner.java:119)
	at com.intellij.junit4.JUnit4IdeaTestRunner.startRunnerWithArgs(JUnit4IdeaTestRunner.java:42)
	at com.intellij.rt.execution.junit.JUnitStarter.prepareStreamsAndStart(JUnitStarter.java:234)
	at com.intellij.rt.execution.junit.JUnitStarter.main(JUnitStarter.java:74)
	at sun.reflect.NativeMethodAccessorImpl.invoke0(Native Method)
	at sun.reflect.NativeMethodAccessorImpl.invoke(NativeMethodAccessorImpl.java:62)
	at sun.reflect.DelegatingMethodAccessorImpl.invoke(DelegatingMethodAccessorImpl.java:43)
	at java.lang.reflect.Method.invoke(Method.java:498)
	at com.intellij.rt.execution.application.AppMain.main(AppMain.java:144)
2018-04-10 23:16:51 577 DEBUG DefaultConnectionTester:126 - Testing a Connection in response to an Exception:
com.mysql.jdbc.exceptions.jdbc4.MySQLSyntaxErrorException: Table 'hunlihui.dm_assortment' doesn't exist
	at sun.reflect.NativeConstructorAccessorImpl.newInstance0(Native Method)
	at sun.reflect.NativeConstructorAccessorImpl.newInstance(NativeConstructorAccessorImpl.java:62)
	at sun.reflect.DelegatingConstructorAccessorImpl.newInstance(DelegatingConstructorAccessorImpl.java:45)
	at java.lang.reflect.Constructor.newInstance(Constructor.java:423)
	at com.mysql.jdbc.Util.handleNewInstance(Util.java:425)
	at com.mysql.jdbc.Util.getInstance(Util.java:408)
	at com.mysql.jdbc.SQLError.createSQLException(SQLError.java:944)
	at com.mysql.jdbc.MysqlIO.checkErrorPacket(MysqlIO.java:3973)
	at com.mysql.jdbc.MysqlIO.checkErrorPacket(MysqlIO.java:3909)
	at com.mysql.jdbc.MysqlIO.sendCommand(MysqlIO.java:2527)
	at com.mysql.jdbc.MysqlIO.sqlQueryDirect(MysqlIO.java:2680)
	at com.mysql.jdbc.ConnectionImpl.execSQL(ConnectionImpl.java:2484)
	at com.mysql.jdbc.PreparedStatement.executeInternal(PreparedStatement.java:1858)
	at com.mysql.jdbc.PreparedStatement.execute(PreparedStatement.java:1197)
	at com.mchange.v2.c3p0.impl.NewProxyPreparedStatement.execute(NewProxyPreparedStatement.java:989)
	at sun.reflect.NativeMethodAccessorImpl.invoke0(Native Method)
	at sun.reflect.NativeMethodAccessorImpl.invoke(NativeMethodAccessorImpl.java:62)
	at sun.reflect.DelegatingMethodAccessorImpl.invoke(DelegatingMethodAccessorImpl.java:43)
	at java.lang.reflect.Method.invoke(Method.java:498)
	at org.apache.ibatis.logging.jdbc.PreparedStatementLogger.invoke(PreparedStatementLogger.java:59)
	at com.sun.proxy.$Proxy24.execute(Unknown Source)
	at org.apache.ibatis.executor.statement.PreparedStatementHandler.update(PreparedStatementHandler.java:46)
	at org.apache.ibatis.executor.statement.RoutingStatementHandler.update(RoutingStatementHandler.java:74)
	at org.apache.ibatis.executor.SimpleExecutor.doUpdate(SimpleExecutor.java:50)
	at org.apache.ibatis.executor.BaseExecutor.update(BaseExecutor.java:117)
	at org.apache.ibatis.executor.CachingExecutor.update(CachingExecutor.java:76)
	at org.apache.ibatis.session.defaults.DefaultSqlSession.update(DefaultSqlSession.java:198)
	at org.apache.ibatis.session.defaults.DefaultSqlSession.insert(DefaultSqlSession.java:185)
	at sun.reflect.NativeMethodAccessorImpl.invoke0(Native Method)
	at sun.reflect.NativeMethodAccessorImpl.invoke(NativeMethodAccessorImpl.java:62)
	at sun.reflect.DelegatingMethodAccessorImpl.invoke(DelegatingMethodAccessorImpl.java:43)
	at java.lang.reflect.Method.invoke(Method.java:498)
	at org.mybatis.spring.SqlSessionTemplate$SqlSessionInterceptor.invoke(SqlSessionTemplate.java:433)
	at com.sun.proxy.$Proxy17.insert(Unknown Source)
	at org.mybatis.spring.SqlSessionTemplate.insert(SqlSessionTemplate.java:278)
	at com.damai.concert.dao.impl.AssortmentDAO.save(AssortmentDAO.java:31)
	at com.concert.test.TestDAO.testCase3(TestDAO.java:50)
	at sun.reflect.NativeMethodAccessorImpl.invoke0(Native Method)
	at sun.reflect.NativeMethodAccessorImpl.invoke(NativeMethodAccessorImpl.java:62)
	at sun.reflect.DelegatingMethodAccessorImpl.invoke(DelegatingMethodAccessorImpl.java:43)
	at java.lang.reflect.Method.invoke(Method.java:498)
	at org.junit.runners.model.FrameworkMethod$1.runReflectiveCall(FrameworkMethod.java:50)
	at org.junit.internal.runners.model.ReflectiveCallable.run(ReflectiveCallable.java:12)
	at org.junit.runners.model.FrameworkMethod.invokeExplosively(FrameworkMethod.java:47)
	at org.junit.internal.runners.statements.InvokeMethod.evaluate(InvokeMethod.java:17)
	at org.springframework.test.context.junit4.statements.RunBeforeTestMethodCallbacks.evaluate(RunBeforeTestMethodCallbacks.java:75)
	at org.springframework.test.context.junit4.statements.RunAfterTestMethodCallbacks.evaluate(RunAfterTestMethodCallbacks.java:86)
	at org.springframework.test.context.junit4.statements.SpringRepeat.evaluate(SpringRepeat.java:84)
	at org.junit.runners.ParentRunner.runLeaf(ParentRunner.java:325)
	at org.springframework.test.context.junit4.SpringJUnit4ClassRunner.runChild(SpringJUnit4ClassRunner.java:252)
	at org.springframework.test.context.junit4.SpringJUnit4ClassRunner.runChild(SpringJUnit4ClassRunner.java:94)
	at org.junit.runners.ParentRunner$3.run(ParentRunner.java:290)
	at org.junit.runners.ParentRunner$1.schedule(ParentRunner.java:71)
	at org.junit.runners.ParentRunner.runChildren(ParentRunner.java:288)
	at org.junit.runners.ParentRunner.access$000(ParentRunner.java:58)
	at org.junit.runners.ParentRunner$2.evaluate(ParentRunner.java:268)
	at org.springframework.test.context.junit4.statements.RunBeforeTestClassCallbacks.evaluate(RunBeforeTestClassCallbacks.java:61)
	at org.springframework.test.context.junit4.statements.RunAfterTestClassCallbacks.evaluate(RunAfterTestClassCallbacks.java:70)
	at org.junit.runners.ParentRunner.run(ParentRunner.java:363)
	at org.springframework.test.context.junit4.SpringJUnit4ClassRunner.run(SpringJUnit4ClassRunner.java:191)
	at org.junit.runner.JUnitCore.run(JUnitCore.java:137)
	at com.intellij.junit4.JUnit4IdeaTestRunner.startRunnerWithArgs(JUnit4IdeaTestRunner.java:119)
	at com.intellij.junit4.JUnit4IdeaTestRunner.startRunnerWithArgs(JUnit4IdeaTestRunner.java:42)
	at com.intellij.rt.execution.junit.JUnitStarter.prepareStreamsAndStart(JUnitStarter.java:234)
	at com.intellij.rt.execution.junit.JUnitStarter.main(JUnitStarter.java:74)
	at sun.reflect.NativeMethodAccessorImpl.invoke0(Native Method)
	at sun.reflect.NativeMethodAccessorImpl.invoke(NativeMethodAccessorImpl.java:62)
	at sun.reflect.DelegatingMethodAccessorImpl.invoke(DelegatingMethodAccessorImpl.java:43)
	at java.lang.reflect.Method.invoke(Method.java:498)
	at com.intellij.rt.execution.application.AppMain.main(AppMain.java:144)
2018-04-10 23:16:51 594 DEBUG SqlSessionUtils:191 - Closing non transactional SqlSession [org.apache.ibatis.session.defaults.DefaultSqlSession@7a8fa663]
2018-04-10 23:16:51 596 DEBUG BasicResourcePool:1644 - trace com.mchange.v2.resourcepool.BasicResourcePool@6d24ffa1 [managed: 8, unused: 7, excluded: 0] (e.g. com.mchange.v2.c3p0.impl.NewPooledConnection@7f06a55a)
2018-04-10 23:16:51 625 DEBUG BasicResourcePool:1644 - trace com.mchange.v2.resourcepool.BasicResourcePool@6d24ffa1 [managed: 8, unused: 7, excluded: 0] (e.g. com.mchange.v2.c3p0.impl.NewPooledConnection@7f06a55a)
2018-04-10 23:16:51 630 DEBUG BasicResourcePool:1644 - trace com.mchange.v2.resourcepool.BasicResourcePool@6d24ffa1 [managed: 8, unused: 7, excluded: 0] (e.g. com.mchange.v2.c3p0.impl.NewPooledConnection@7f06a55a)
2018-04-10 23:16:51 637 DEBUG C3P0PooledConnectionPool:217 - com.mchange.v2.c3p0.impl.C3P0PooledConnectionPool$1PooledConnectionResourcePoolManager@52a5f7e9.acquireResource() returning. 
2018-04-10 23:16:51 638 DEBUG BasicResourcePool:1644 - trace com.mchange.v2.resourcepool.BasicResourcePool@6d24ffa1 [managed: 9, unused: 9, excluded: 0] (e.g. com.mchange.v2.c3p0.impl.NewPooledConnection@7f06a55a)
2018-04-10 23:16:51 639 DEBUG BasicResourcePool:422 - decremented pending_acquires: 1
2018-04-11 09:36:35 158  INFO MLog:80 - MLog clients using log4j logging.
2018-04-11 09:36:35 487  INFO C3P0Registry:204 - Initializing c3p0-0.9.1.1 [built 15-March-2007 01:32:31; debug? true; trace: 10]
2018-04-11 09:36:35 560 DEBUG DynamicPooledDataSourceManagerMBean:236 - MBean: com.mchange.v2.c3p0:type=PooledDataSource[1hgeey39u1dhgn00il7dps|24c4ddae] registered.
2018-04-11 09:36:36 281 DEBUG LogFactory:135 - Logging initialized using 'class org.apache.ibatis.logging.log4j.Log4jImpl' adapter.
2018-04-11 09:36:37 658 DEBUG SqlSessionUtils:97 - Creating a new SqlSession
2018-04-11 09:36:37 667 DEBUG SqlSessionUtils:148 - SqlSession [org.apache.ibatis.session.defaults.DefaultSqlSession@1d7f7be7] was not registered for synchronization because synchronization is not active
2018-04-11 09:36:37 896 DEBUG BasicResourcePool:404 - incremented pending_acquires: 1
2018-04-11 09:36:37 897 DEBUG BasicResourcePool:404 - incremented pending_acquires: 2
2018-04-11 09:36:37 897 DEBUG BasicResourcePool:404 - incremented pending_acquires: 3
2018-04-11 09:36:37 898 DEBUG BasicResourcePool:404 - incremented pending_acquires: 4
2018-04-11 09:36:37 898 DEBUG BasicResourcePool:404 - incremented pending_acquires: 5
2018-04-11 09:36:37 898 DEBUG BasicResourcePool:404 - incremented pending_acquires: 6
2018-04-11 09:36:37 899 DEBUG BasicResourcePool:404 - incremented pending_acquires: 7
2018-04-11 09:36:37 899 DEBUG BasicResourcePool:404 - incremented pending_acquires: 8
2018-04-11 09:36:37 900 DEBUG BasicResourcePool:404 - incremented pending_acquires: 9
2018-04-11 09:36:37 900 DEBUG BasicResourcePool:404 - incremented pending_acquires: 10
2018-04-11 09:36:37 902 DEBUG BasicResourcePool:289 - com.mchange.v2.resourcepool.BasicResourcePool@76ba13c config: [start -> 3; min -> 10; max -> 30; inc -> 3; num_acq_attempts -> 2; acq_attempt_delay -> 1000; check_idle_resources_delay -> 0; mox_resource_age -> 0; max_idle_time -> 0; excess_max_idle_time -> 0; destroy_unreturned_resc_time -> 0; expiration_enforcement_delay -> 0; break_on_acquisition_failure -> false; debug_store_checkout_exceptions -> false]
2018-04-11 09:36:37 903  INFO AbstractPoolBackedDataSource:462 - Initializing c3p0 pool... com.mchange.v2.c3p0.ComboPooledDataSource [ acquireIncrement -> 3, acquireRetryAttempts -> 2, acquireRetryDelay -> 1000, autoCommitOnClose -> false, automaticTestTable -> null, breakAfterAcquireFailure -> false, checkoutTimeout -> 10000, connectionCustomizerClassName -> null, connectionTesterClassName -> com.mchange.v2.c3p0.impl.DefaultConnectionTester, dataSourceName -> 1hgeey39u1dhgn00il7dps|24c4ddae, debugUnreturnedConnectionStackTraces -> false, description -> null, driverClass -> com.mysql.jdbc.Driver, factoryClassLocation -> null, forceIgnoreUnresolvedTransactions -> false, identityToken -> 1hgeey39u1dhgn00il7dps|24c4ddae, idleConnectionTestPeriod -> 0, initialPoolSize -> 3, jdbcUrl -> jdbc:mysql://localhost:3306/damai?useSSL=false, lastAcquisitionFailureDefaultUser -> null, maxAdministrativeTaskTime -> 0, maxConnectionAge -> 0, maxIdleTime -> 0, maxIdleTimeExcessConnections -> 0, maxPoolSize -> 30, maxStatements -> 0, maxStatementsPerConnection -> 0, minPoolSize -> 10, numHelperThreads -> 3, numThreadsAwaitingCheckoutDefaultUser -> 0, preferredTestQuery -> null, properties -> {user=******, password=******}, propertyCycle -> 0, testConnectionOnCheckin -> false, testConnectionOnCheckout -> false, unreturnedConnectionTimeout -> 0, usesTraditionalReflectiveProxies -> false ]
2018-04-11 09:36:37 904 DEBUG BasicResourcePool:538 - acquire test -- pool size: 0; target_pool_size: 10; desired target? 1
2018-04-11 09:36:37 904 DEBUG BasicResourcePool:1291 - awaitAvailable(): [unknown]
2018-04-11 09:36:37 905 DEBUG BasicResourcePool:1644 - trace com.mchange.v2.resourcepool.BasicResourcePool@76ba13c [managed: 0, unused: 0, excluded: 0]
2018-04-11 09:36:39 009 DEBUG C3P0PooledConnectionPool:217 - com.mchange.v2.c3p0.impl.C3P0PooledConnectionPool$1PooledConnectionResourcePoolManager@7bfa1f42.acquireResource() returning. 
2018-04-11 09:36:39 009 DEBUG C3P0PooledConnectionPool:217 - com.mchange.v2.c3p0.impl.C3P0PooledConnectionPool$1PooledConnectionResourcePoolManager@7bfa1f42.acquireResource() returning. 
2018-04-11 09:36:39 010 DEBUG BasicResourcePool:1644 - trace com.mchange.v2.resourcepool.BasicResourcePool@76ba13c [managed: 1, unused: 1, excluded: 0]
2018-04-11 09:36:39 011 DEBUG BasicResourcePool:422 - decremented pending_acquires: 9
2018-04-11 09:36:39 011 DEBUG BasicResourcePool:1644 - trace com.mchange.v2.resourcepool.BasicResourcePool@76ba13c [managed: 2, unused: 1, excluded: 0] (e.g. com.mchange.v2.c3p0.impl.NewPooledConnection@54a01079)
2018-04-11 09:36:39 011 DEBUG BasicResourcePool:1644 - trace com.mchange.v2.resourcepool.BasicResourcePool@76ba13c [managed: 2, unused: 1, excluded: 0] (e.g. com.mchange.v2.c3p0.impl.NewPooledConnection@54a01079)
2018-04-11 09:36:39 012 DEBUG BasicResourcePool:422 - decremented pending_acquires: 8
2018-04-11 09:36:39 012 DEBUG SpringManagedTransaction:87 - JDBC Connection [com.mchange.v2.c3p0.impl.NewProxyConnection@180e6ac4] will not be managed by Spring
2018-04-11 09:36:39 016 DEBUG C3P0PooledConnectionPool:217 - com.mchange.v2.c3p0.impl.C3P0PooledConnectionPool$1PooledConnectionResourcePoolManager@7bfa1f42.acquireResource() returning. 
2018-04-11 09:36:39 016 DEBUG BasicResourcePool:1644 - trace com.mchange.v2.resourcepool.BasicResourcePool@76ba13c [managed: 3, unused: 2, excluded: 0] (e.g. com.mchange.v2.c3p0.impl.NewPooledConnection@54a01079)
2018-04-11 09:36:39 017 DEBUG BasicResourcePool:422 - decremented pending_acquires: 7
2018-04-11 09:36:39 021 DEBUG queryUser:181 - ==>  Preparing: SELECT * FROM tb_user WHERE user_name=? 
2018-04-11 09:36:39 083 DEBUG queryUser:181 - ==> Parameters: zhangsan(String)
2018-04-11 09:36:39 123 DEBUG C3P0PooledConnectionPool:217 - com.mchange.v2.c3p0.impl.C3P0PooledConnectionPool$1PooledConnectionResourcePoolManager@7bfa1f42.acquireResource() returning. 
2018-04-11 09:36:39 124 DEBUG BasicResourcePool:1644 - trace com.mchange.v2.resourcepool.BasicResourcePool@76ba13c [managed: 4, unused: 3, excluded: 0] (e.g. com.mchange.v2.c3p0.impl.NewPooledConnection@54a01079)
2018-04-11 09:36:39 124 DEBUG BasicResourcePool:422 - decremented pending_acquires: 6
2018-04-11 09:36:39 284 DEBUG queryUser:181 - <==      Total: 1
2018-04-11 09:36:39 321 DEBUG SqlSessionUtils:191 - Closing non transactional SqlSession [org.apache.ibatis.session.defaults.DefaultSqlSession@1d7f7be7]
2018-04-11 09:36:39 356 DEBUG BasicResourcePool:1644 - trace com.mchange.v2.resourcepool.BasicResourcePool@76ba13c [managed: 4, unused: 3, excluded: 0] (e.g. com.mchange.v2.c3p0.impl.NewPooledConnection@54a01079)
2018-04-11 09:36:39 357  INFO TestDAO:43 - UserDTO{userId=1, userName='zhangsan', userPassword='9bad41710724cf6511abde2a52416881'}
